
ASEM-51 V1.3                                         Copyright (c) 2002 by W.W. Heinz                                         PAGE 1





       MCS-51 Family Macro Assembler   A S E M - 5 1   V 1.3
       =====================================================



	Source File:	D:\LAB-Microprocessor\Lab2\lab23Short.asm
	Object File:	D:\LAB-Microprocessor\Lab2\lab23Short.hex
	List File:	D:\LAB-Microprocessor\Lab2\lab23Short.lst



 Line  I  Addr  Code            Source

    1:				;==== LAB23.ASM ====
    2:		N      8000		ORG	8000H
    3:		N      E060	C7SEG	EQU	0E060H
    4:
    5:	  8000	78 00		START:	MOV	R0,#0
    6:	  8002	E8		MAIN:	MOV	A,R0
    7:	  8003	08			INC	R0
    8:	  8004	11 11			ACALL	TAB01
    9:	  8006	90 E0 60		MOV	DPTR,#C7SEG
   10:	  8009	F0			MOVX	@DPTR,A
   11:	  800A	11 16			ACALL	DELAY
   12:	  800C	B8 10 F3		CJNE	R0,#10H,MAIN
   13:	  800F	80 EF			SJMP	START
   14:
   15:	  8011	90 00 00	TAB01:	MOV	DPTR,#DATA
						      ^
			  @@@@@ illegal operand @@@@@

   16:	  8014	93			MOVC	A,@A+DPTR
   17:	  8015	22			RET
   18:
   19:	  8016	7D 04		DELAY:	MOV	R5,#04
   20:	  8018	7E C8		DELAY1:	MOV	R6,#200
   21:	  801A	7F C8		DELAY2:	MOV	R7,#200
   22:	  801C	DF FE		DELAY3:	DJNZ	R7,DELAY3
   23:	  801E	DE FA			DJNZ	R6,DELAY2
   24:	  8020	DD F6			DJNZ	R5,DELAY1
   25:	  8022	22			RET
   26:
   27:				DATA:	DB	3FH,06H,5BH,4FH
				^
			  @@@@@ illegal statement syntax @@@@@

   28:	  8023	66 6D 7D 07		DB	66H,06DH,7DH,07H
   29:	  8027	7F 6F 77 7C		DB	7FH,6FH,77H,7CH
   30:	  802B	39 5E 79 71		DB	39H,5EH,79H,71H
   31:
   32:					END






ASEM-51 V1.3                                         Copyright (c) 2002 by W.W. Heinz                                         PAGE 2



                     register banks used:  ---

                     2 errors detected




ASEM-51 V1.3                                         Copyright (c) 2002 by W.W. Heinz                                         PAGE 3





	       L I S T   O F   S Y M B O L S
	       =============================


SYMBOL				  TYPE     VALUE	LINE
------------------------------------------------------------
??ASEM_51			  NUMBER    8051
??VERSION			  NUMBER    0130
AC				  BIT	      D6
ACC				  DATA	      E0
B				  DATA	      F0
C7SEG				  NUMBER    E060	   3
CY				  BIT	      D7
DELAY				  CODE	    8016	  19
DELAY1				  CODE	    8018	  20
DELAY2				  CODE	    801A	  21
DELAY3				  CODE	    801C	  22
DPH				  DATA	      83
DPL				  DATA	      82
EA				  BIT	      AF
ES				  BIT	      AC
ET0				  BIT	      A9
ET1				  BIT	      AB
EX0				  BIT	      A8
EX1				  BIT	      AA
EXTI0				  CODE	    0003
EXTI1				  CODE	    0013
F0				  BIT	      D5
IE				  DATA	      A8
IE0				  BIT	      89
IE1				  BIT	      8B
INT0				  BIT	      B2
INT1				  BIT	      B3
IP				  DATA	      B8
IT0				  BIT	      88
IT1				  BIT	      8A
MAIN				  CODE	    8002	   6
OV				  BIT	      D2
P				  BIT	      D0
P0				  DATA	      80
P1				  DATA	      90
P2				  DATA	      A0
P3				  DATA	      B0
PCON				  DATA	      87
PS				  BIT	      BC
PSW				  DATA	      D0
PT0				  BIT	      B9
PT1				  BIT	      BB
PX0				  BIT	      B8
PX1				  BIT	      BA
RB8				  BIT	      9A
RD				  BIT	      B7
REN				  BIT	      9C
RESET				  CODE	    0000
RI				  BIT	      98
RS0				  BIT	      D3

ASEM-51 V1.3                                         Copyright (c) 2002 by W.W. Heinz                                         PAGE 4



SYMBOL				  TYPE     VALUE	LINE
------------------------------------------------------------
RS1				  BIT	      D4
RXD				  BIT	      B0
SBUF				  DATA	      99
SCON				  DATA	      98
SINT				  CODE	    0023
SM0				  BIT	      9F
SM1				  BIT	      9E
SM2				  BIT	      9D
SP				  DATA	      81
START				  CODE	    8000	   5
T0				  BIT	      B4
T1				  BIT	      B5
TAB01				  CODE	    8011	  15
TB8				  BIT	      9B
TCON				  DATA	      88
TF0				  BIT	      8D
TF1				  BIT	      8F
TH0				  DATA	      8C
TH1				  DATA	      8D
TI				  BIT	      99
TIMER0				  CODE	    000B
TIMER1				  CODE	    001B
TL0				  DATA	      8A
TL1				  DATA	      8B
TMOD				  DATA	      89
TR0				  BIT	      8C
TR1				  BIT	      8E
TXD				  BIT	      B1
WR				  BIT	      B6
